<?xml version="1.0" encoding="UTF-8"?>
<testng-results ignored="0" total="3" passed="2" failed="1" skipped="0">
  <reporter-output>
  </reporter-output>
  <suite started-at="2022-09-27T02:02:20 IST" name="Default suite" finished-at="2022-09-27T02:03:15 IST" duration-ms="55280">
    <groups>
    </groups>
    <test started-at="2022-09-27T02:02:20 IST" name="Default test" finished-at="2022-09-27T02:03:15 IST" duration-ms="55280">
      <class name="com.OrangeHRM.Pages.OrangeHRMTest">
        <test-method is-config="true" signature="setExtent()[pri:0, instance:com.OrangeHRM.Pages.OrangeHRMTest@3e2e18f2]" started-at="2022-09-27T02:02:20 IST" name="setExtent" finished-at="2022-09-27T02:02:20 IST" duration-ms="427" status="PASS">
          <reporter-output>
          </reporter-output>
        </test-method> <!-- setExtent -->
        <test-method is-config="true" signature="setup()[pri:0, instance:com.OrangeHRM.Pages.OrangeHRMTest@3e2e18f2]" started-at="2022-09-27T02:02:20 IST" name="setup" finished-at="2022-09-27T02:02:36 IST" duration-ms="15692" status="PASS">
          <reporter-output>
          </reporter-output>
        </test-method> <!-- setup -->
        <test-method signature="verifyTitle()[pri:1, instance:com.OrangeHRM.Pages.OrangeHRMTest@3e2e18f2]" started-at="2022-09-27T02:02:36 IST" name="verifyTitle" finished-at="2022-09-27T02:02:36 IST" duration-ms="81" status="FAIL">
          <exception class="java.lang.AssertionError">
            <message>
              <![CDATA[expected [OrangeHRM1] but found [OrangeHRM]]]>
            </message>
            <full-stacktrace>
              <![CDATA[java.lang.AssertionError: expected [OrangeHRM1] but found [OrangeHRM]
at org.testng.Assert.fail(Assert.java:97)
at org.testng.Assert.assertEqualsImpl(Assert.java:136)
at org.testng.Assert.assertEquals(Assert.java:118)
at org.testng.Assert.assertEquals(Assert.java:575)
at org.testng.Assert.assertEquals(Assert.java:585)
at com.OrangeHRM.Pages.OrangeHRMTest.verifyTitle(OrangeHRMTest.java:36)
at java.base/jdk.internal.reflect.DirectMethodHandleAccessor.invoke(DirectMethodHandleAccessor.java:104)
at java.base/java.lang.reflect.Method.invoke(Method.java:577)
at org.testng.internal.MethodInvocationHelper.invokeMethod(MethodInvocationHelper.java:134)
at org.testng.internal.TestInvoker.invokeMethod(TestInvoker.java:597)
at org.testng.internal.TestInvoker.invokeTestMethod(TestInvoker.java:173)
at org.testng.internal.MethodRunner.runInSequence(MethodRunner.java:46)
at org.testng.internal.TestInvoker$MethodInvocationAgent.invoke(TestInvoker.java:816)
at org.testng.internal.TestInvoker.invokeTestMethods(TestInvoker.java:146)
at org.testng.internal.TestMethodWorker.invokeTestMethods(TestMethodWorker.java:146)
at org.testng.internal.TestMethodWorker.run(TestMethodWorker.java:128)
at java.base/java.util.ArrayList.forEach(ArrayList.java:1511)
at org.testng.TestRunner.privateRun(TestRunner.java:766)
at org.testng.TestRunner.run(TestRunner.java:587)
at org.testng.SuiteRunner.runTest(SuiteRunner.java:384)
at org.testng.SuiteRunner.runSequentially(SuiteRunner.java:378)
at org.testng.SuiteRunner.privateRun(SuiteRunner.java:337)
at org.testng.SuiteRunner.run(SuiteRunner.java:286)
at org.testng.SuiteRunnerWorker.runSuite(SuiteRunnerWorker.java:53)
at org.testng.SuiteRunnerWorker.run(SuiteRunnerWorker.java:96)
at org.testng.TestNG.runSuitesSequentially(TestNG.java:1187)
at org.testng.TestNG.runSuitesLocally(TestNG.java:1109)
at org.testng.TestNG.runSuites(TestNG.java:1039)
at org.testng.TestNG.run(TestNG.java:1007)
at org.testng.remote.AbstractRemoteTestNG.run(AbstractRemoteTestNG.java:115)
at org.testng.remote.RemoteTestNG.initAndRun(RemoteTestNG.java:251)
at org.testng.remote.RemoteTestNG.main(RemoteTestNG.java:77)
]]>
            </full-stacktrace>
          </exception> <!-- java.lang.AssertionError -->
          <reporter-output>
          </reporter-output>
        </test-method> <!-- verifyTitle -->
        <test-method is-config="true" signature="tearDown(org.testng.ITestResult)[pri:0, instance:com.OrangeHRM.Pages.OrangeHRMTest@3e2e18f2]" started-at="2022-09-27T02:02:36 IST" name="tearDown" finished-at="2022-09-27T02:02:36 IST" duration-ms="256" status="PASS">
          <params>
            <param index="0">
              <value>
                <![CDATA[[TestResult name=verifyTitle status=FAILURE method=OrangeHRMTest.verifyTitle()[pri:1, instance:com.OrangeHRM.Pages.OrangeHRMTest@3e2e18f2] output={null}]]]>
              </value>
            </param>
          </params>
          <reporter-output>
          </reporter-output>
        </test-method> <!-- tearDown -->
        <test-method is-config="true" signature="setup()[pri:0, instance:com.OrangeHRM.Pages.OrangeHRMTest@3e2e18f2]" started-at="2022-09-27T02:02:36 IST" name="setup" finished-at="2022-09-27T02:02:51 IST" duration-ms="15144" status="PASS">
          <reporter-output>
          </reporter-output>
        </test-method> <!-- setup -->
        <test-method signature="verifyLogo()[pri:2, instance:com.OrangeHRM.Pages.OrangeHRMTest@3e2e18f2]" started-at="2022-09-27T02:02:51 IST" name="verifyLogo" finished-at="2022-09-27T02:02:56 IST" duration-ms="5097" status="PASS">
          <reporter-output>
          </reporter-output>
        </test-method> <!-- verifyLogo -->
        <test-method is-config="true" signature="tearDown(org.testng.ITestResult)[pri:0, instance:com.OrangeHRM.Pages.OrangeHRMTest@3e2e18f2]" started-at="2022-09-27T02:02:56 IST" name="tearDown" finished-at="2022-09-27T02:02:57 IST" duration-ms="255" status="PASS">
          <params>
            <param index="0">
              <value>
                <![CDATA[[TestResult name=verifyLogo status=SUCCESS method=OrangeHRMTest.verifyLogo()[pri:2, instance:com.OrangeHRM.Pages.OrangeHRMTest@3e2e18f2] output={null}]]]>
              </value>
            </param>
          </params>
          <reporter-output>
          </reporter-output>
        </test-method> <!-- tearDown -->
        <test-method is-config="true" signature="setup()[pri:0, instance:com.OrangeHRM.Pages.OrangeHRMTest@3e2e18f2]" started-at="2022-09-27T02:02:57 IST" name="setup" finished-at="2022-09-27T02:03:09 IST" duration-ms="12478" status="PASS">
          <reporter-output>
          </reporter-output>
        </test-method> <!-- setup -->
        <test-method signature="loginTest()[pri:3, instance:com.OrangeHRM.Pages.OrangeHRMTest@3e2e18f2]" started-at="2022-09-27T02:03:09 IST" name="loginTest" finished-at="2022-09-27T02:03:15 IST" duration-ms="5831" status="PASS">
          <reporter-output>
          </reporter-output>
        </test-method> <!-- loginTest -->
        <test-method is-config="true" signature="tearDown(org.testng.ITestResult)[pri:0, instance:com.OrangeHRM.Pages.OrangeHRMTest@3e2e18f2]" started-at="2022-09-27T02:03:15 IST" name="tearDown" finished-at="2022-09-27T02:03:15 IST" duration-ms="369" status="PASS">
          <params>
            <param index="0">
              <value>
                <![CDATA[[TestResult name=loginTest status=SUCCESS method=OrangeHRMTest.loginTest()[pri:3, instance:com.OrangeHRM.Pages.OrangeHRMTest@3e2e18f2] output={null}]]]>
              </value>
            </param>
          </params>
          <reporter-output>
          </reporter-output>
        </test-method> <!-- tearDown -->
        <test-method is-config="true" signature="endReport()[pri:0, instance:com.OrangeHRM.Pages.OrangeHRMTest@3e2e18f2]" started-at="2022-09-27T02:03:15 IST" name="endReport" finished-at="2022-09-27T02:03:16 IST" duration-ms="1072" status="PASS">
          <reporter-output>
          </reporter-output>
        </test-method> <!-- endReport -->
      </class> <!-- com.OrangeHRM.Pages.OrangeHRMTest -->
    </test> <!-- Default test -->
  </suite> <!-- Default suite -->
</testng-results>
