<?xml version="1.0" encoding="UTF-8"?>
<!-- Generated by org.testng.reporters.JUnitXMLReporter -->
<testsuite ignored="0" hostname="DESKTOP-MBGLN98" failures="1" tests="2" name="OrangeHRM1Test" time="34.103" errors="0" timestamp="2022-09-11T23:15:15 IST">
  <testcase classname="sampleProject.OrangeHRM1" name="OpenBrowser" time="34.005"/>
  <testcase classname="sampleProject.OrangeHRM1" name="loginToOrangeHRM" time="0.0">
    <failure type="org.testng.TestNGException" message="
Parameter &amp;apos;uname1&amp;apos; is required by @Test on method loginToOrangeHRM but has not been marked @Optional or defined
in C:\Users\UDAYRAJE\eclipse-workspace\TestNgProject\OrangeHRM1.xml">
      <![CDATA[org.testng.TestNGException: 
Parameter 'uname1' is required by @Test on method loginToOrangeHRM but has not been marked @Optional or defined
in C:\Users\UDAYRAJE\eclipse-workspace\TestNgProject\OrangeHRM1.xml
at java.base/java.util.ArrayList.forEach(ArrayList.java:1511)
... Removed 26 stack frames]]>
    </failure>
  </testcase> <!-- loginToOrangeHRM -->
</testsuite> <!-- OrangeHRM1Test -->
